# JRE version: Java(TM) SE Runtime Environment (24.0.1+9) (build 24.0.1+9-30)
# Java VM: Java HotSpot(TM) 64-Bit Server VM (24.0.1+9-30, mixed mode, sharing, tiered, compressed oops, compressed class ptrs, g1 gc, windows-amd64)
GC Precious Log:
 CardTable entry size: 512
 Card Set container configuration: InlinePtr #cards 4 size 8 Array Of Cards #cards 16 size 48 Howl #buckets 8 coarsen threshold 3686 Howl Bitmap #cards 512 size 80 coarsen threshold 460 Card regions per heap region 1 cards per card region 4096
 CPUs: 8 total, 8 available
 Memory: 15773M
 Large Page Support: Disabled
 NUMA Support: Disabled
 Compressed Oops: Enabled (Zero based)
 Heap Region Size: 2M
 Heap Min Capacity: 8M
 Heap Initial Capacity: 248M
 Heap Max Capacity: 3944M
 Pre-touch: Disabled
 Parallel Workers: 8
 Concurrent Workers: 2
 Concurrent Refinement Workers: 8
 Periodic GC: Disabled
Heap:
 garbage-first heap   total reserved 4038656K, committed 190464K, used 108575K [0x0000000709800000, 0x0000000800000000)
  region size 2048K, 15 young (30720K), 3 survivors (6144K)
 Metaspace       used 35875K, committed 36480K, reserved 1114112K
  class space    used 3438K, committed 3712K, reserved 1048576K
GC Heap History (20 events):
Event: 9.940 GC heap before
{Heap before GC invocations=5 (full 0):
 garbage-first heap   total reserved 4038656K, committed 120832K, used 87853K [0x0000000709800000, 0x0000000800000000)
  region size 2048K, 32 young (65536K), 9 survivors (18432K)
 Metaspace       used 29117K, committed 29568K, reserved 1114112K
  class space    used 2807K, committed 3008K, reserved 1048576K
}
Event: 9.978 GC heap after
{Heap after GC invocations=6 (full 0):
 garbage-first heap   total reserved 4038656K, committed 120832K, used 47736K [0x0000000709800000, 0x0000000800000000)
  region size 2048K, 3 young (6144K), 3 survivors (6144K)
 Metaspace       used 29117K, committed 29568K, reserved 1114112K
  class space    used 2807K, committed 3008K, reserved 1048576K
}
Event: 10.863 GC heap before
{Heap before GC invocations=6 (full 0):
 garbage-first heap   total reserved 4038656K, committed 120832K, used 92792K [0x0000000709800000, 0x0000000800000000)
  region size 2048K, 25 young (51200K), 3 survivors (6144K)
 Metaspace       used 30012K, committed 30592K, reserved 1114112K
  class space    used 2913K, committed 3200K, reserved 1048576K
}
Event: 10.879 GC heap after
{Heap after GC invocations=7 (full 0):
 garbage-first heap   total reserved 4038656K, committed 120832K, used 47952K [0x0000000709800000, 0x0000000800000000)
  region size 2048K, 3 young (6144K), 3 survivors (6144K)
 Metaspace       used 30012K, committed 30592K, reserved 1114112K
  class space    used 2913K, committed 3200K, reserved 1048576K
}
Event: 11.400 GC heap before
{Heap before GC invocations=7 (full 0):
 garbage-first heap   total reserved 4038656K, committed 120832K, used 95056K [0x0000000709800000, 0x0000000800000000)
  region size 2048K, 26 young (53248K), 3 survivors (6144K)
 Metaspace       used 30239K, committed 30784K, reserved 1114112K
  class space    used 2930K, committed 3200K, reserved 1048576K
}
Event: 11.431 GC heap after
{Heap after GC invocations=8 (full 0):
 garbage-first heap   total reserved 4038656K, committed 120832K, used 50055K [0x0000000709800000, 0x0000000800000000)
  region size 2048K, 2 young (4096K), 2 survivors (4096K)
 Metaspace       used 30239K, committed 30784K, reserved 1114112K
  class space    used 2930K, committed 3200K, reserved 1048576K
}
Event: 11.834 GC heap before
{Heap before GC invocations=8 (full 0):
 garbage-first heap   total reserved 4038656K, committed 120832K, used 99207K [0x0000000709800000, 0x0000000800000000)
  region size 2048K, 26 young (53248K), 2 survivors (4096K)
 Metaspace       used 30329K, committed 30912K, reserved 1114112K
  class space    used 2938K, committed 3200K, reserved 1048576K
}
Event: 11.850 GC heap after
{Heap after GC invocations=9 (full 0):
 garbage-first heap   total reserved 4038656K, committed 151552K, used 51283K [0x0000000709800000, 0x0000000800000000)
  region size 2048K, 3 young (6144K), 3 survivors (6144K)
 Metaspace       used 30329K, committed 30912K, reserved 1114112K
  class space    used 2938K, committed 3200K, reserved 1048576K
}
Event: 12.427 GC heap before
{Heap before GC invocations=9 (full 0):
 garbage-first heap   total reserved 4038656K, committed 151552K, used 122963K [0x0000000709800000, 0x0000000800000000)
  region size 2048K, 38 young (77824K), 3 survivors (6144K)
 Metaspace       used 30439K, committed 30976K, reserved 1114112K
  class space    used 2940K, committed 3200K, reserved 1048576K
}
Event: 12.441 GC heap after
{Heap after GC invocations=10 (full 0):
 garbage-first heap   total reserved 4038656K, committed 151552K, used 51340K [0x0000000709800000, 0x0000000800000000)
  region size 2048K, 3 young (6144K), 3 survivors (6144K)
 Metaspace       used 30439K, committed 30976K, reserved 1114112K
  class space    used 2940K, committed 3200K, reserved 1048576K
}
Event: 13.479 GC heap before
{Heap before GC invocations=10 (full 0):
 garbage-first heap   total reserved 4038656K, committed 151552K, used 127116K [0x0000000709800000, 0x0000000800000000)
  region size 2048K, 40 young (81920K), 3 survivors (6144K)
 Metaspace       used 31603K, committed 32192K, reserved 1114112K
  class space    used 3078K, committed 3328K, reserved 1048576K
}
Event: 13.493 GC heap after
{Heap after GC invocations=11 (full 0):
 garbage-first heap   total reserved 4038656K, committed 151552K, used 52015K [0x0000000709800000, 0x0000000800000000)
  region size 2048K, 3 young (6144K), 3 survivors (6144K)
 Metaspace       used 31603K, committed 32192K, reserved 1114112K
  class space    used 3078K, committed 3328K, reserved 1048576K
}
Event: 16.833 GC heap before
{Heap before GC invocations=11 (full 0):
 garbage-first heap   total reserved 4038656K, committed 151552K, used 133935K [0x0000000709800000, 0x0000000800000000)
  region size 2048K, 42 young (86016K), 3 survivors (6144K)
 Metaspace       used 32916K, committed 33472K, reserved 1114112K
  class space    used 3191K, committed 3456K, reserved 1048576K
}
Event: 16.867 GC heap after
{Heap after GC invocations=12 (full 0):
 garbage-first heap   total reserved 4038656K, committed 153600K, used 66439K [0x0000000709800000, 0x0000000800000000)
  region size 2048K, 6 young (12288K), 6 survivors (12288K)
 Metaspace       used 32916K, committed 33472K, reserved 1114112K
  class space    used 3191K, committed 3456K, reserved 1048576K
}
Event: 18.502 GC heap before
{Heap before GC invocations=12 (full 0):
 garbage-first heap   total reserved 4038656K, committed 153600K, used 129927K [0x0000000709800000, 0x0000000800000000)
  region size 2048K, 37 young (75776K), 6 survivors (12288K)
 Metaspace       used 33571K, committed 34176K, reserved 1114112K
  class space    used 3268K, committed 3520K, reserved 1048576K
}
Event: 18.534 GC heap after
{Heap after GC invocations=13 (full 0):
 garbage-first heap   total reserved 4038656K, committed 157696K, used 80701K [0x0000000709800000, 0x0000000800000000)
  region size 2048K, 5 young (10240K), 5 survivors (10240K)
 Metaspace       used 33571K, committed 34176K, reserved 1114112K
  class space    used 3268K, committed 3520K, reserved 1048576K
}
Event: 19.225 GC heap before
{Heap before GC invocations=13 (full 0):
 garbage-first heap   total reserved 4038656K, committed 157696K, used 131901K [0x0000000709800000, 0x0000000800000000)
  region size 2048K, 30 young (61440K), 5 survivors (10240K)
 Metaspace       used 34398K, committed 35008K, reserved 1114112K
  class space    used 3325K, committed 3584K, reserved 1048576K
}
Event: 19.237 GC heap after
{Heap after GC invocations=14 (full 0):
 garbage-first heap   total reserved 4038656K, committed 190464K, used 82667K [0x0000000709800000, 0x0000000800000000)
  region size 2048K, 1 young (2048K), 1 survivors (2048K)
 Metaspace       used 34398K, committed 35008K, reserved 1114112K
  class space    used 3325K, committed 3584K, reserved 1048576K
}
Event: 20.694 GC heap before
{Heap before GC invocations=15 (full 0):
 garbage-first heap   total reserved 4038656K, committed 190464K, used 160491K [0x0000000709800000, 0x0000000800000000)
  region size 2048K, 39 young (79872K), 1 survivors (2048K)
 Metaspace       used 33298K, committed 34048K, reserved 1114112K
  class space    used 3194K, committed 3520K, reserved 1048576K
}
Event: 20.704 GC heap after
{Heap after GC invocations=16 (full 0):
 garbage-first heap   total reserved 4038656K, committed 190464K, used 86047K [0x0000000709800000, 0x0000000800000000)
  region size 2048K, 3 young (6144K), 3 survivors (6144K)
 Metaspace       used 33298K, committed 34048K, reserved 1114112K
  class space    used 3194K, committed 3520K, reserved 1048576K
}

